14:53:44 INFO  : Registering command handlers for SDK TCF services
14:53:45 INFO  : Launching XSCT server: xsct.bat -interactive D:\project_2\project_2.sdk\temp_xsdb_launch_script.tcl
14:53:48 INFO  : XSCT server has started successfully.
14:53:49 INFO  : Successfully done setting XSCT server connection channel  
14:53:49 INFO  : Processing command line option -hwspec D:/project_2/project_2.sdk/top.hdf.
14:53:49 INFO  : Successfully done setting SDK workspace  
14:58:17 INFO  : 'targets -set -filter {jtag_cable_name =~ "Platform Cable USB II 00000000000000" && level==0} -index 1' command is executed.
14:58:17 INFO  : 'fpga -state' command is executed.
14:58:17 INFO  : Connected to target on host '127.0.0.1' and port '3121'.
14:58:18 INFO  : Jtag cable 'Platform Cable USB II 00000000000000' is selected.
14:58:18 INFO  : 'jtag frequency' command is executed.
14:58:18 INFO  : Sourcing of 'D:/project_2/project_2.sdk/top_hw_platform_0/ps7_init.tcl' is done.
14:58:18 INFO  : Context for 'APU' is selected.
14:58:18 INFO  : Hardware design information is loaded from 'D:/project_2/project_2.sdk/top_hw_platform_0/system.hdf'.
14:58:18 INFO  : 'configparams force-mem-access 1' command is executed.
14:58:18 INFO  : Context for 'APU' is selected.
14:58:18 INFO  : 'stop' command is executed.
14:58:18 INFO  : 'ps7_init' command is executed.
14:58:18 INFO  : 'ps7_post_config' command is executed.
14:58:18 INFO  : Context for processor 'ps7_cortexa9_0' is selected.
14:58:18 INFO  : Processor reset is completed for 'ps7_cortexa9_0'.
14:58:18 INFO  : Context for processor 'ps7_cortexa9_0' is selected.
14:58:20 INFO  : The application 'D:/project_2/project_2.sdk/pj/Debug/pj.elf' is downloaded to processor 'ps7_cortexa9_0'.
14:58:20 INFO  : 'configparams force-mem-access 0' command is executed.
14:58:20 INFO  : ----------------XSDB Script----------------
connect -url tcp:127.0.0.1:3121
source D:/project_2/project_2.sdk/top_hw_platform_0/ps7_init.tcl
targets -set -nocase -filter {name =~"APU*" && jtag_cable_name =~ "Platform Cable USB II 00000000000000"} -index 0
loadhw -hw D:/project_2/project_2.sdk/top_hw_platform_0/system.hdf -mem-ranges [list {0x40000000 0xbfffffff}]
configparams force-mem-access 1
targets -set -nocase -filter {name =~"APU*" && jtag_cable_name =~ "Platform Cable USB II 00000000000000"} -index 0
stop
ps7_init
ps7_post_config
targets -set -nocase -filter {name =~ "ARM*#0" && jtag_cable_name =~ "Platform Cable USB II 00000000000000"} -index 0
rst -processor
targets -set -nocase -filter {name =~ "ARM*#0" && jtag_cable_name =~ "Platform Cable USB II 00000000000000"} -index 0
dow D:/project_2/project_2.sdk/pj/Debug/pj.elf
configparams force-mem-access 0
----------------End of Script----------------

14:58:21 INFO  : Memory regions updated for context APU
14:58:21 INFO  : Context for processor 'ps7_cortexa9_0' is selected.
14:58:21 INFO  : 'con' command is executed.
14:58:21 INFO  : ----------------XSDB Script (After Launch)----------------
targets -set -nocase -filter {name =~ "ARM*#0" && jtag_cable_name =~ "Platform Cable USB II 00000000000000"} -index 0
con
----------------End of Script----------------

14:58:21 INFO  : Launch script is exported to file 'D:\project_2\project_2.sdk\.sdk\launch_scripts\xilinx_c-c++_application_(system_debugger)\system_debugger_using_debug_pj.elf_on_local.tcl'
15:09:19 INFO  : Disconnected from the channel tcfchan#1.
15:09:20 INFO  : 'targets -set -filter {jtag_cable_name =~ "Platform Cable USB II 00000000000000" && level==0} -index 1' command is executed.
15:09:20 INFO  : 'fpga -state' command is executed.
15:09:20 INFO  : Connected to target on host '127.0.0.1' and port '3121'.
15:09:21 INFO  : Jtag cable 'Platform Cable USB II 00000000000000' is selected.
15:09:21 INFO  : 'jtag frequency' command is executed.
15:09:21 INFO  : Sourcing of 'D:/project_2/project_2.sdk/top_hw_platform_0/ps7_init.tcl' is done.
15:09:21 INFO  : Context for 'APU' is selected.
15:09:22 INFO  : Hardware design information is loaded from 'D:/project_2/project_2.sdk/top_hw_platform_0/system.hdf'.
15:09:22 INFO  : 'configparams force-mem-access 1' command is executed.
15:09:22 INFO  : Context for 'APU' is selected.
15:09:22 INFO  : 'stop' command is executed.
15:09:23 INFO  : 'ps7_init' command is executed.
15:09:23 INFO  : 'ps7_post_config' command is executed.
15:09:23 INFO  : Context for processor 'ps7_cortexa9_0' is selected.
15:09:23 INFO  : Processor reset is completed for 'ps7_cortexa9_0'.
15:09:23 INFO  : Context for processor 'ps7_cortexa9_0' is selected.
15:09:25 INFO  : The application 'D:/project_2/project_2.sdk/pj/Debug/pj.elf' is downloaded to processor 'ps7_cortexa9_0'.
15:09:25 INFO  : 'configparams force-mem-access 0' command is executed.
15:09:25 INFO  : ----------------XSDB Script----------------
connect -url tcp:127.0.0.1:3121
source D:/project_2/project_2.sdk/top_hw_platform_0/ps7_init.tcl
targets -set -nocase -filter {name =~"APU*" && jtag_cable_name =~ "Platform Cable USB II 00000000000000"} -index 0
loadhw -hw D:/project_2/project_2.sdk/top_hw_platform_0/system.hdf -mem-ranges [list {0x40000000 0xbfffffff}]
configparams force-mem-access 1
targets -set -nocase -filter {name =~"APU*" && jtag_cable_name =~ "Platform Cable USB II 00000000000000"} -index 0
stop
ps7_init
ps7_post_config
targets -set -nocase -filter {name =~ "ARM*#0" && jtag_cable_name =~ "Platform Cable USB II 00000000000000"} -index 0
rst -processor
targets -set -nocase -filter {name =~ "ARM*#0" && jtag_cable_name =~ "Platform Cable USB II 00000000000000"} -index 0
dow D:/project_2/project_2.sdk/pj/Debug/pj.elf
configparams force-mem-access 0
----------------End of Script----------------

15:09:25 INFO  : Memory regions updated for context APU
15:09:25 INFO  : Context for processor 'ps7_cortexa9_0' is selected.
15:09:25 INFO  : 'con' command is executed.
15:09:25 INFO  : ----------------XSDB Script (After Launch)----------------
targets -set -nocase -filter {name =~ "ARM*#0" && jtag_cable_name =~ "Platform Cable USB II 00000000000000"} -index 0
con
----------------End of Script----------------

15:09:25 INFO  : Launch script is exported to file 'D:\project_2\project_2.sdk\.sdk\launch_scripts\xilinx_c-c++_application_(system_debugger)\system_debugger_using_debug_pj.elf_on_local.tcl'
15:14:13 INFO  : Disconnected from the channel tcfchan#2.
15:14:51 INFO  : Registering command handlers for SDK TCF services
15:14:52 INFO  : Launching XSCT server: xsct.bat -interactive D:\project_2\project_2.sdk\temp_xsdb_launch_script.tcl
15:14:56 INFO  : XSCT server has started successfully.
15:14:56 INFO  : Successfully done setting XSCT server connection channel  
15:14:57 INFO  : Successfully done setting SDK workspace  
15:14:57 INFO  : Processing command line option -hwspec D:/project_2/project_2.sdk/top.hdf.
15:14:57 INFO  : Checking for hwspec changes in the project top_hw_platform_0.
15:15:00 INFO  : SDK has detected change in the last modified timestamps for source hardware specification file Source:1560233649688,  Project:1560232268640
15:15:00 INFO  : The hardware specification for project 'top_hw_platform_0' is different from D:/project_2/project_2.sdk/top.hdf.
15:15:00 INFO  : Copied contents of D:/project_2/project_2.sdk/top.hdf into \top_hw_platform_0\system.hdf.
15:15:03 INFO  : Synchronizing projects in the workspace with the hardware platform specification changes.
15:15:05 INFO  : 
15:15:06 INFO  : Updating hardware inferred compiler options for pj.
15:15:06 INFO  : Clearing existing target manager status.
15:15:29 INFO  : 'targets -set -filter {jtag_cable_name =~ "Platform Cable USB II 00000000000000" && level==0} -index 1' command is executed.
15:15:29 INFO  : 'fpga -state' command is executed.
15:15:29 INFO  : Connected to target on host '127.0.0.1' and port '3121'.
15:15:29 INFO  : Jtag cable 'Platform Cable USB II 00000000000000' is selected.
15:15:29 INFO  : 'jtag frequency' command is executed.
15:15:29 INFO  : Sourcing of 'D:/project_2/project_2.sdk/top_hw_platform_0/ps7_init.tcl' is done.
15:15:29 INFO  : Context for 'APU' is selected.
15:15:29 INFO  : Hardware design information is loaded from 'D:/project_2/project_2.sdk/top_hw_platform_0/system.hdf'.
15:15:29 INFO  : 'configparams force-mem-access 1' command is executed.
15:15:29 INFO  : Context for 'APU' is selected.
15:15:30 INFO  : 'stop' command is executed.
15:15:30 INFO  : 'ps7_init' command is executed.
15:15:30 INFO  : 'ps7_post_config' command is executed.
15:15:30 INFO  : Context for processor 'ps7_cortexa9_0' is selected.
15:15:30 INFO  : Processor reset is completed for 'ps7_cortexa9_0'.
15:15:30 INFO  : Context for processor 'ps7_cortexa9_0' is selected.
15:15:32 INFO  : The application 'D:/project_2/project_2.sdk/pj/Debug/pj.elf' is downloaded to processor 'ps7_cortexa9_0'.
15:15:32 INFO  : 'configparams force-mem-access 0' command is executed.
15:15:32 INFO  : ----------------XSDB Script----------------
connect -url tcp:127.0.0.1:3121
source D:/project_2/project_2.sdk/top_hw_platform_0/ps7_init.tcl
targets -set -nocase -filter {name =~"APU*" && jtag_cable_name =~ "Platform Cable USB II 00000000000000"} -index 0
loadhw -hw D:/project_2/project_2.sdk/top_hw_platform_0/system.hdf -mem-ranges [list {0x40000000 0xbfffffff}]
configparams force-mem-access 1
targets -set -nocase -filter {name =~"APU*" && jtag_cable_name =~ "Platform Cable USB II 00000000000000"} -index 0
stop
ps7_init
ps7_post_config
targets -set -nocase -filter {name =~ "ARM*#0" && jtag_cable_name =~ "Platform Cable USB II 00000000000000"} -index 0
rst -processor
targets -set -nocase -filter {name =~ "ARM*#0" && jtag_cable_name =~ "Platform Cable USB II 00000000000000"} -index 0
dow D:/project_2/project_2.sdk/pj/Debug/pj.elf
configparams force-mem-access 0
----------------End of Script----------------

15:15:32 INFO  : Memory regions updated for context APU
15:15:32 INFO  : Context for processor 'ps7_cortexa9_0' is selected.
15:15:32 INFO  : 'con' command is executed.
15:15:32 INFO  : ----------------XSDB Script (After Launch)----------------
targets -set -nocase -filter {name =~ "ARM*#0" && jtag_cable_name =~ "Platform Cable USB II 00000000000000"} -index 0
con
----------------End of Script----------------

15:15:32 INFO  : Launch script is exported to file 'D:\project_2\project_2.sdk\.sdk\launch_scripts\xilinx_c-c++_application_(system_debugger)\system_debugger_using_debug_pj.elf_on_local.tcl'
15:16:07 INFO  : Disconnected from the channel tcfchan#1.
15:16:08 INFO  : 'targets -set -filter {jtag_cable_name =~ "Platform Cable USB II 00000000000000" && level==0} -index 1' command is executed.
15:16:08 INFO  : 'fpga -state' command is executed.
15:16:08 INFO  : Connected to target on host '127.0.0.1' and port '3121'.
15:16:08 INFO  : Jtag cable 'Platform Cable USB II 00000000000000' is selected.
15:16:08 INFO  : 'jtag frequency' command is executed.
15:16:08 INFO  : Sourcing of 'D:/project_2/project_2.sdk/top_hw_platform_0/ps7_init.tcl' is done.
15:16:08 INFO  : Context for 'APU' is selected.
15:16:10 INFO  : Hardware design information is loaded from 'D:/project_2/project_2.sdk/top_hw_platform_0/system.hdf'.
15:16:10 INFO  : 'configparams force-mem-access 1' command is executed.
15:16:10 INFO  : Context for 'APU' is selected.
15:16:10 INFO  : 'stop' command is executed.
15:16:10 INFO  : 'ps7_init' command is executed.
15:16:10 INFO  : 'ps7_post_config' command is executed.
15:16:10 INFO  : Context for processor 'ps7_cortexa9_0' is selected.
15:16:10 INFO  : Processor reset is completed for 'ps7_cortexa9_0'.
15:16:10 INFO  : Context for processor 'ps7_cortexa9_0' is selected.
15:16:13 INFO  : The application 'D:/project_2/project_2.sdk/pj/Debug/pj.elf' is downloaded to processor 'ps7_cortexa9_0'.
15:16:13 INFO  : 'configparams force-mem-access 0' command is executed.
15:16:13 INFO  : ----------------XSDB Script----------------
connect -url tcp:127.0.0.1:3121
source D:/project_2/project_2.sdk/top_hw_platform_0/ps7_init.tcl
targets -set -nocase -filter {name =~"APU*" && jtag_cable_name =~ "Platform Cable USB II 00000000000000"} -index 0
loadhw -hw D:/project_2/project_2.sdk/top_hw_platform_0/system.hdf -mem-ranges [list {0x40000000 0xbfffffff}]
configparams force-mem-access 1
targets -set -nocase -filter {name =~"APU*" && jtag_cable_name =~ "Platform Cable USB II 00000000000000"} -index 0
stop
ps7_init
ps7_post_config
targets -set -nocase -filter {name =~ "ARM*#0" && jtag_cable_name =~ "Platform Cable USB II 00000000000000"} -index 0
rst -processor
targets -set -nocase -filter {name =~ "ARM*#0" && jtag_cable_name =~ "Platform Cable USB II 00000000000000"} -index 0
dow D:/project_2/project_2.sdk/pj/Debug/pj.elf
configparams force-mem-access 0
----------------End of Script----------------

15:16:13 INFO  : Memory regions updated for context APU
15:16:13 INFO  : Context for processor 'ps7_cortexa9_0' is selected.
15:16:13 INFO  : 'con' command is executed.
15:16:13 INFO  : ----------------XSDB Script (After Launch)----------------
targets -set -nocase -filter {name =~ "ARM*#0" && jtag_cable_name =~ "Platform Cable USB II 00000000000000"} -index 0
con
----------------End of Script----------------

15:16:13 INFO  : Launch script is exported to file 'D:\project_2\project_2.sdk\.sdk\launch_scripts\xilinx_c-c++_application_(system_debugger)\system_debugger_using_debug_pj.elf_on_local.tcl'
15:18:14 INFO  : Disconnected from the channel tcfchan#2.
15:21:58 INFO  : Registering command handlers for SDK TCF services
15:21:59 INFO  : Launching XSCT server: xsct.bat -interactive D:\project_2\project_2.sdk\temp_xsdb_launch_script.tcl
15:22:02 INFO  : XSCT server has started successfully.
15:22:02 INFO  : Successfully done setting XSCT server connection channel  
15:22:02 INFO  : Successfully done setting SDK workspace  
15:22:02 INFO  : Processing command line option -hwspec D:/project_2/project_2.sdk/top.hdf.
15:22:02 INFO  : Checking for hwspec changes in the project top_hw_platform_0.
15:22:05 INFO  : SDK has detected change in the last modified timestamps for source hardware specification file Source:1560234071025,  Project:1560233649688
15:22:05 INFO  : The hardware specification for project 'top_hw_platform_0' is different from D:/project_2/project_2.sdk/top.hdf.
15:22:05 INFO  : Copied contents of D:/project_2/project_2.sdk/top.hdf into \top_hw_platform_0\system.hdf.
15:22:49 INFO  : Synchronizing projects in the workspace with the hardware platform specification changes.
15:23:06 INFO  : 
15:23:06 INFO  : Updating hardware inferred compiler options for pj.
15:23:06 INFO  : Clearing existing target manager status.
15:23:19 INFO  : 'targets -set -filter {jtag_cable_name =~ "Platform Cable USB II 00000000000000" && level==0} -index 1' command is executed.
15:23:19 INFO  : 'fpga -state' command is executed.
15:23:19 INFO  : Connected to target on host '127.0.0.1' and port '3121'.
15:23:19 INFO  : Jtag cable 'Platform Cable USB II 00000000000000' is selected.
15:23:19 INFO  : 'jtag frequency' command is executed.
15:23:19 INFO  : Sourcing of 'D:/project_2/project_2.sdk/top_hw_platform_0/ps7_init.tcl' is done.
15:23:19 INFO  : Context for 'APU' is selected.
15:23:19 INFO  : Hardware design information is loaded from 'D:/project_2/project_2.sdk/top_hw_platform_0/system.hdf'.
15:23:19 INFO  : 'configparams force-mem-access 1' command is executed.
15:23:19 INFO  : Context for 'APU' is selected.
15:23:19 INFO  : 'stop' command is executed.
15:23:20 INFO  : 'ps7_init' command is executed.
15:23:20 INFO  : 'ps7_post_config' command is executed.
15:23:20 INFO  : Context for processor 'ps7_cortexa9_0' is selected.
15:23:20 INFO  : Processor reset is completed for 'ps7_cortexa9_0'.
15:23:20 INFO  : Context for processor 'ps7_cortexa9_0' is selected.
15:23:22 INFO  : The application 'D:/project_2/project_2.sdk/pj/Debug/pj.elf' is downloaded to processor 'ps7_cortexa9_0'.
15:23:22 INFO  : 'configparams force-mem-access 0' command is executed.
15:23:22 INFO  : ----------------XSDB Script----------------
connect -url tcp:127.0.0.1:3121
source D:/project_2/project_2.sdk/top_hw_platform_0/ps7_init.tcl
targets -set -nocase -filter {name =~"APU*" && jtag_cable_name =~ "Platform Cable USB II 00000000000000"} -index 0
loadhw -hw D:/project_2/project_2.sdk/top_hw_platform_0/system.hdf -mem-ranges [list {0x40000000 0xbfffffff}]
configparams force-mem-access 1
targets -set -nocase -filter {name =~"APU*" && jtag_cable_name =~ "Platform Cable USB II 00000000000000"} -index 0
stop
ps7_init
ps7_post_config
targets -set -nocase -filter {name =~ "ARM*#0" && jtag_cable_name =~ "Platform Cable USB II 00000000000000"} -index 0
rst -processor
targets -set -nocase -filter {name =~ "ARM*#0" && jtag_cable_name =~ "Platform Cable USB II 00000000000000"} -index 0
dow D:/project_2/project_2.sdk/pj/Debug/pj.elf
configparams force-mem-access 0
----------------End of Script----------------

15:23:22 INFO  : Memory regions updated for context APU
15:23:22 INFO  : Context for processor 'ps7_cortexa9_0' is selected.
15:23:22 INFO  : 'con' command is executed.
15:23:22 INFO  : ----------------XSDB Script (After Launch)----------------
targets -set -nocase -filter {name =~ "ARM*#0" && jtag_cable_name =~ "Platform Cable USB II 00000000000000"} -index 0
con
----------------End of Script----------------

15:23:22 INFO  : Launch script is exported to file 'D:\project_2\project_2.sdk\.sdk\launch_scripts\xilinx_c-c++_application_(system_debugger)\system_debugger_using_debug_pj.elf_on_local.tcl'
15:41:11 INFO  : Disconnected from the channel tcfchan#1.
15:41:28 INFO  : Registering command handlers for SDK TCF services
15:41:29 INFO  : Launching XSCT server: xsct.bat -interactive D:\project_2\project_2.sdk\temp_xsdb_launch_script.tcl
15:41:32 INFO  : XSCT server has started successfully.
15:41:32 INFO  : Successfully done setting XSCT server connection channel  
15:41:32 INFO  : Successfully done setting SDK workspace  
15:41:32 INFO  : Processing command line option -hwspec D:/project_2/project_2.sdk/top.hdf.
15:41:32 INFO  : Checking for hwspec changes in the project top_hw_platform_0.
15:41:35 INFO  : SDK has detected change in the last modified timestamps for source hardware specification file Source:1560235226397,  Project:1560234071025
15:41:35 INFO  : The hardware specification for project 'top_hw_platform_0' is different from D:/project_2/project_2.sdk/top.hdf.
15:41:35 INFO  : Copied contents of D:/project_2/project_2.sdk/top.hdf into \top_hw_platform_0\system.hdf.
15:42:50 INFO  : Synchronizing projects in the workspace with the hardware platform specification changes.
15:43:12 INFO  : 
15:43:13 INFO  : Updating hardware inferred compiler options for pj.
15:43:13 INFO  : Clearing existing target manager status.
15:43:26 INFO  : 'targets -set -filter {jtag_cable_name =~ "Platform Cable USB II 00000000000000" && level==0} -index 1' command is executed.
15:43:26 INFO  : 'fpga -state' command is executed.
15:43:26 INFO  : Connected to target on host '127.0.0.1' and port '3121'.
15:43:26 INFO  : Jtag cable 'Platform Cable USB II 00000000000000' is selected.
15:43:26 INFO  : 'jtag frequency' command is executed.
15:43:26 INFO  : Sourcing of 'D:/project_2/project_2.sdk/top_hw_platform_0/ps7_init.tcl' is done.
15:43:26 INFO  : Context for 'APU' is selected.
15:43:26 INFO  : Hardware design information is loaded from 'D:/project_2/project_2.sdk/top_hw_platform_0/system.hdf'.
15:43:26 INFO  : 'configparams force-mem-access 1' command is executed.
15:43:26 INFO  : Context for 'APU' is selected.
15:43:26 INFO  : 'stop' command is executed.
15:43:27 INFO  : 'ps7_init' command is executed.
15:43:27 INFO  : 'ps7_post_config' command is executed.
15:43:27 INFO  : Context for processor 'ps7_cortexa9_0' is selected.
15:43:27 INFO  : Processor reset is completed for 'ps7_cortexa9_0'.
15:43:27 INFO  : Context for processor 'ps7_cortexa9_0' is selected.
15:43:29 INFO  : The application 'D:/project_2/project_2.sdk/pj/Debug/pj.elf' is downloaded to processor 'ps7_cortexa9_0'.
15:43:29 INFO  : 'configparams force-mem-access 0' command is executed.
15:43:29 INFO  : ----------------XSDB Script----------------
connect -url tcp:127.0.0.1:3121
source D:/project_2/project_2.sdk/top_hw_platform_0/ps7_init.tcl
targets -set -nocase -filter {name =~"APU*" && jtag_cable_name =~ "Platform Cable USB II 00000000000000"} -index 0
loadhw -hw D:/project_2/project_2.sdk/top_hw_platform_0/system.hdf -mem-ranges [list {0x40000000 0xbfffffff}]
configparams force-mem-access 1
targets -set -nocase -filter {name =~"APU*" && jtag_cable_name =~ "Platform Cable USB II 00000000000000"} -index 0
stop
ps7_init
ps7_post_config
targets -set -nocase -filter {name =~ "ARM*#0" && jtag_cable_name =~ "Platform Cable USB II 00000000000000"} -index 0
rst -processor
targets -set -nocase -filter {name =~ "ARM*#0" && jtag_cable_name =~ "Platform Cable USB II 00000000000000"} -index 0
dow D:/project_2/project_2.sdk/pj/Debug/pj.elf
configparams force-mem-access 0
----------------End of Script----------------

15:43:29 INFO  : Memory regions updated for context APU
15:43:29 INFO  : Context for processor 'ps7_cortexa9_0' is selected.
15:43:29 INFO  : 'con' command is executed.
15:43:29 INFO  : ----------------XSDB Script (After Launch)----------------
targets -set -nocase -filter {name =~ "ARM*#0" && jtag_cable_name =~ "Platform Cable USB II 00000000000000"} -index 0
con
----------------End of Script----------------

15:43:29 INFO  : Launch script is exported to file 'D:\project_2\project_2.sdk\.sdk\launch_scripts\xilinx_c-c++_application_(system_debugger)\system_debugger_using_debug_pj.elf_on_local.tcl'
16:06:37 INFO  : Disconnected from the channel tcfchan#1.
16:08:06 INFO  : Registering command handlers for SDK TCF services
16:08:07 INFO  : Launching XSCT server: xsct.bat -interactive D:\project_2\project_2.sdk\temp_xsdb_launch_script.tcl
16:08:10 INFO  : XSCT server has started successfully.
16:08:10 INFO  : Successfully done setting XSCT server connection channel  
16:08:10 INFO  : Successfully done setting SDK workspace  
16:08:10 INFO  : Processing command line option -hwspec D:/project_2/project_2.sdk/top.hdf.
16:08:10 INFO  : Checking for hwspec changes in the project top_hw_platform_0.
16:08:14 INFO  : SDK has detected change in the last modified timestamps for source hardware specification file Source:1560236793809,  Project:1560235226397
16:08:14 INFO  : The hardware specification for project 'top_hw_platform_0' is different from D:/project_2/project_2.sdk/top.hdf.
16:08:14 INFO  : Copied contents of D:/project_2/project_2.sdk/top.hdf into \top_hw_platform_0\system.hdf.
16:09:24 INFO  : Synchronizing projects in the workspace with the hardware platform specification changes.
16:09:46 INFO  : 
16:09:47 INFO  : Updating hardware inferred compiler options for pj.
16:09:47 INFO  : Clearing existing target manager status.
16:09:57 INFO  : 'targets -set -filter {jtag_cable_name =~ "Platform Cable USB II 00000000000000" && level==0} -index 1' command is executed.
16:09:57 INFO  : 'fpga -state' command is executed.
16:09:57 INFO  : Connected to target on host '127.0.0.1' and port '3121'.
16:09:58 INFO  : Jtag cable 'Platform Cable USB II 00000000000000' is selected.
16:09:58 INFO  : 'jtag frequency' command is executed.
16:09:58 INFO  : Sourcing of 'D:/project_2/project_2.sdk/top_hw_platform_0/ps7_init.tcl' is done.
16:09:58 INFO  : Context for 'APU' is selected.
16:09:58 INFO  : Hardware design information is loaded from 'D:/project_2/project_2.sdk/top_hw_platform_0/system.hdf'.
16:09:58 INFO  : 'configparams force-mem-access 1' command is executed.
16:09:58 INFO  : Context for 'APU' is selected.
16:09:58 INFO  : 'stop' command is executed.
16:09:58 INFO  : 'ps7_init' command is executed.
16:09:58 INFO  : 'ps7_post_config' command is executed.
16:09:58 INFO  : Context for processor 'ps7_cortexa9_0' is selected.
16:09:58 INFO  : Processor reset is completed for 'ps7_cortexa9_0'.
16:09:58 INFO  : Context for processor 'ps7_cortexa9_0' is selected.
16:10:00 INFO  : The application 'D:/project_2/project_2.sdk/pj/Debug/pj.elf' is downloaded to processor 'ps7_cortexa9_0'.
16:10:00 INFO  : 'configparams force-mem-access 0' command is executed.
16:10:00 INFO  : ----------------XSDB Script----------------
connect -url tcp:127.0.0.1:3121
source D:/project_2/project_2.sdk/top_hw_platform_0/ps7_init.tcl
targets -set -nocase -filter {name =~"APU*" && jtag_cable_name =~ "Platform Cable USB II 00000000000000"} -index 0
loadhw -hw D:/project_2/project_2.sdk/top_hw_platform_0/system.hdf -mem-ranges [list {0x40000000 0xbfffffff}]
configparams force-mem-access 1
targets -set -nocase -filter {name =~"APU*" && jtag_cable_name =~ "Platform Cable USB II 00000000000000"} -index 0
stop
ps7_init
ps7_post_config
targets -set -nocase -filter {name =~ "ARM*#0" && jtag_cable_name =~ "Platform Cable USB II 00000000000000"} -index 0
rst -processor
targets -set -nocase -filter {name =~ "ARM*#0" && jtag_cable_name =~ "Platform Cable USB II 00000000000000"} -index 0
dow D:/project_2/project_2.sdk/pj/Debug/pj.elf
configparams force-mem-access 0
----------------End of Script----------------

16:10:00 INFO  : Memory regions updated for context APU
16:10:01 INFO  : Context for processor 'ps7_cortexa9_0' is selected.
16:10:01 INFO  : 'con' command is executed.
16:10:01 INFO  : ----------------XSDB Script (After Launch)----------------
targets -set -nocase -filter {name =~ "ARM*#0" && jtag_cable_name =~ "Platform Cable USB II 00000000000000"} -index 0
con
----------------End of Script----------------

16:10:01 INFO  : Launch script is exported to file 'D:\project_2\project_2.sdk\.sdk\launch_scripts\xilinx_c-c++_application_(system_debugger)\system_debugger_using_debug_pj.elf_on_local.tcl'
16:12:58 INFO  : Disconnected from the channel tcfchan#1.
16:12:59 INFO  : 'targets -set -filter {jtag_cable_name =~ "Platform Cable USB II 00000000000000" && level==0} -index 1' command is executed.
16:12:59 INFO  : 'fpga -state' command is executed.
16:12:59 INFO  : Connected to target on host '127.0.0.1' and port '3121'.
16:12:59 INFO  : Jtag cable 'Platform Cable USB II 00000000000000' is selected.
16:12:59 INFO  : 'jtag frequency' command is executed.
16:12:59 INFO  : Sourcing of 'D:/project_2/project_2.sdk/top_hw_platform_0/ps7_init.tcl' is done.
16:12:59 INFO  : Context for 'APU' is selected.
16:13:01 INFO  : Hardware design information is loaded from 'D:/project_2/project_2.sdk/top_hw_platform_0/system.hdf'.
16:13:01 INFO  : 'configparams force-mem-access 1' command is executed.
16:13:01 INFO  : Context for 'APU' is selected.
16:13:01 INFO  : 'stop' command is executed.
16:13:01 INFO  : 'ps7_init' command is executed.
16:13:01 INFO  : 'ps7_post_config' command is executed.
16:13:01 INFO  : Context for processor 'ps7_cortexa9_0' is selected.
16:13:01 INFO  : Processor reset is completed for 'ps7_cortexa9_0'.
16:13:01 INFO  : Context for processor 'ps7_cortexa9_0' is selected.
16:13:03 INFO  : The application 'D:/project_2/project_2.sdk/pj/Debug/pj.elf' is downloaded to processor 'ps7_cortexa9_0'.
16:13:03 INFO  : 'configparams force-mem-access 0' command is executed.
16:13:03 INFO  : ----------------XSDB Script----------------
connect -url tcp:127.0.0.1:3121
source D:/project_2/project_2.sdk/top_hw_platform_0/ps7_init.tcl
targets -set -nocase -filter {name =~"APU*" && jtag_cable_name =~ "Platform Cable USB II 00000000000000"} -index 0
loadhw -hw D:/project_2/project_2.sdk/top_hw_platform_0/system.hdf -mem-ranges [list {0x40000000 0xbfffffff}]
configparams force-mem-access 1
targets -set -nocase -filter {name =~"APU*" && jtag_cable_name =~ "Platform Cable USB II 00000000000000"} -index 0
stop
ps7_init
ps7_post_config
targets -set -nocase -filter {name =~ "ARM*#0" && jtag_cable_name =~ "Platform Cable USB II 00000000000000"} -index 0
rst -processor
targets -set -nocase -filter {name =~ "ARM*#0" && jtag_cable_name =~ "Platform Cable USB II 00000000000000"} -index 0
dow D:/project_2/project_2.sdk/pj/Debug/pj.elf
configparams force-mem-access 0
----------------End of Script----------------

16:13:04 INFO  : Memory regions updated for context APU
16:13:04 INFO  : Context for processor 'ps7_cortexa9_0' is selected.
16:13:04 INFO  : 'con' command is executed.
16:13:04 INFO  : ----------------XSDB Script (After Launch)----------------
targets -set -nocase -filter {name =~ "ARM*#0" && jtag_cable_name =~ "Platform Cable USB II 00000000000000"} -index 0
con
----------------End of Script----------------

16:13:04 INFO  : Launch script is exported to file 'D:\project_2\project_2.sdk\.sdk\launch_scripts\xilinx_c-c++_application_(system_debugger)\system_debugger_using_debug_pj.elf_on_local.tcl'
16:13:47 INFO  : Disconnected from the channel tcfchan#2.
16:14:02 INFO  : Registering command handlers for SDK TCF services
16:14:02 INFO  : Launching XSCT server: xsct.bat -interactive D:\project_2\project_2.sdk\temp_xsdb_launch_script.tcl
16:14:05 INFO  : XSCT server has started successfully.
16:14:06 INFO  : Successfully done setting XSCT server connection channel  
16:14:06 INFO  : Successfully done setting SDK workspace  
16:14:06 INFO  : Processing command line option -hwspec D:/project_2/project_2.sdk/top.hdf.
16:14:06 INFO  : Checking for hwspec changes in the project top_hw_platform_0.
16:16:27 INFO  : 'targets -set -filter {jtag_cable_name =~ "Platform Cable USB II 00000000000000" && level==0} -index 1' command is executed.
16:16:27 INFO  : 'fpga -state' command is executed.
16:16:27 INFO  : Connected to target on host '127.0.0.1' and port '3121'.
16:16:28 INFO  : Jtag cable 'Platform Cable USB II 00000000000000' is selected.
16:16:28 INFO  : 'jtag frequency' command is executed.
16:16:28 INFO  : Sourcing of 'D:/project_2/project_2.sdk/top_hw_platform_0/ps7_init.tcl' is done.
16:16:28 INFO  : Context for 'APU' is selected.
16:16:28 INFO  : Hardware design information is loaded from 'D:/project_2/project_2.sdk/top_hw_platform_0/system.hdf'.
16:16:28 INFO  : 'configparams force-mem-access 1' command is executed.
16:16:28 INFO  : Context for 'APU' is selected.
16:16:28 INFO  : 'stop' command is executed.
16:16:28 INFO  : 'ps7_init' command is executed.
16:16:28 INFO  : 'ps7_post_config' command is executed.
16:16:28 INFO  : Context for processor 'ps7_cortexa9_0' is selected.
16:16:28 INFO  : Processor reset is completed for 'ps7_cortexa9_0'.
16:16:28 INFO  : Context for processor 'ps7_cortexa9_0' is selected.
16:16:30 INFO  : The application 'D:/project_2/project_2.sdk/pj/Debug/pj.elf' is downloaded to processor 'ps7_cortexa9_0'.
16:16:30 INFO  : 'configparams force-mem-access 0' command is executed.
16:16:30 INFO  : ----------------XSDB Script----------------
connect -url tcp:127.0.0.1:3121
source D:/project_2/project_2.sdk/top_hw_platform_0/ps7_init.tcl
targets -set -nocase -filter {name =~"APU*" && jtag_cable_name =~ "Platform Cable USB II 00000000000000"} -index 0
loadhw -hw D:/project_2/project_2.sdk/top_hw_platform_0/system.hdf -mem-ranges [list {0x40000000 0xbfffffff}]
configparams force-mem-access 1
targets -set -nocase -filter {name =~"APU*" && jtag_cable_name =~ "Platform Cable USB II 00000000000000"} -index 0
stop
ps7_init
ps7_post_config
targets -set -nocase -filter {name =~ "ARM*#0" && jtag_cable_name =~ "Platform Cable USB II 00000000000000"} -index 0
rst -processor
targets -set -nocase -filter {name =~ "ARM*#0" && jtag_cable_name =~ "Platform Cable USB II 00000000000000"} -index 0
dow D:/project_2/project_2.sdk/pj/Debug/pj.elf
configparams force-mem-access 0
----------------End of Script----------------

16:16:30 INFO  : Memory regions updated for context APU
16:16:31 INFO  : Context for processor 'ps7_cortexa9_0' is selected.
16:16:31 INFO  : 'con' command is executed.
16:16:31 INFO  : ----------------XSDB Script (After Launch)----------------
targets -set -nocase -filter {name =~ "ARM*#0" && jtag_cable_name =~ "Platform Cable USB II 00000000000000"} -index 0
con
----------------End of Script----------------

16:16:31 INFO  : Launch script is exported to file 'D:\project_2\project_2.sdk\.sdk\launch_scripts\xilinx_c-c++_application_(system_debugger)\system_debugger_using_debug_pj.elf_on_local.tcl'
16:16:50 INFO  : Disconnected from the channel tcfchan#1.
16:16:51 INFO  : 'targets -set -filter {jtag_cable_name =~ "Platform Cable USB II 00000000000000" && level==0} -index 1' command is executed.
16:16:51 INFO  : 'fpga -state' command is executed.
16:16:51 INFO  : Connected to target on host '127.0.0.1' and port '3121'.
16:16:51 INFO  : Jtag cable 'Platform Cable USB II 00000000000000' is selected.
16:16:51 INFO  : 'jtag frequency' command is executed.
16:16:51 INFO  : Sourcing of 'D:/project_2/project_2.sdk/top_hw_platform_0/ps7_init.tcl' is done.
16:16:51 INFO  : Context for 'APU' is selected.
16:16:52 INFO  : Hardware design information is loaded from 'D:/project_2/project_2.sdk/top_hw_platform_0/system.hdf'.
16:16:52 INFO  : 'configparams force-mem-access 1' command is executed.
16:16:52 INFO  : Context for 'APU' is selected.
16:16:52 INFO  : 'stop' command is executed.
16:16:53 INFO  : 'ps7_init' command is executed.
16:16:53 INFO  : 'ps7_post_config' command is executed.
16:16:53 INFO  : Context for processor 'ps7_cortexa9_0' is selected.
16:16:53 INFO  : Processor reset is completed for 'ps7_cortexa9_0'.
16:16:53 INFO  : Context for processor 'ps7_cortexa9_0' is selected.
16:16:55 INFO  : The application 'D:/project_2/project_2.sdk/pj/Debug/pj.elf' is downloaded to processor 'ps7_cortexa9_0'.
16:16:55 INFO  : 'configparams force-mem-access 0' command is executed.
16:16:55 INFO  : ----------------XSDB Script----------------
connect -url tcp:127.0.0.1:3121
source D:/project_2/project_2.sdk/top_hw_platform_0/ps7_init.tcl
targets -set -nocase -filter {name =~"APU*" && jtag_cable_name =~ "Platform Cable USB II 00000000000000"} -index 0
loadhw -hw D:/project_2/project_2.sdk/top_hw_platform_0/system.hdf -mem-ranges [list {0x40000000 0xbfffffff}]
configparams force-mem-access 1
targets -set -nocase -filter {name =~"APU*" && jtag_cable_name =~ "Platform Cable USB II 00000000000000"} -index 0
stop
ps7_init
ps7_post_config
targets -set -nocase -filter {name =~ "ARM*#0" && jtag_cable_name =~ "Platform Cable USB II 00000000000000"} -index 0
rst -processor
targets -set -nocase -filter {name =~ "ARM*#0" && jtag_cable_name =~ "Platform Cable USB II 00000000000000"} -index 0
dow D:/project_2/project_2.sdk/pj/Debug/pj.elf
configparams force-mem-access 0
----------------End of Script----------------

16:16:55 INFO  : Memory regions updated for context APU
16:16:55 INFO  : Context for processor 'ps7_cortexa9_0' is selected.
16:16:55 INFO  : 'con' command is executed.
16:16:55 INFO  : ----------------XSDB Script (After Launch)----------------
targets -set -nocase -filter {name =~ "ARM*#0" && jtag_cable_name =~ "Platform Cable USB II 00000000000000"} -index 0
con
----------------End of Script----------------

16:16:55 INFO  : Launch script is exported to file 'D:\project_2\project_2.sdk\.sdk\launch_scripts\xilinx_c-c++_application_(system_debugger)\system_debugger_using_debug_pj.elf_on_local_(1).tcl'
16:17:20 INFO  : 'targets -set -filter {jtag_cable_name =~ "Platform Cable USB II 00000000000000" && level==0} -index 1' command is executed.
16:17:20 INFO  : 'fpga -state' command is executed.
16:17:22 INFO  : Memory regions updated for context APU
16:17:54 INFO  : Disconnected from the channel tcfchan#2.
16:17:55 INFO  : 'targets -set -filter {jtag_cable_name =~ "Platform Cable USB II 00000000000000" && level==0} -index 1' command is executed.
16:17:55 INFO  : 'fpga -state' command is executed.
16:17:55 INFO  : Connected to target on host '127.0.0.1' and port '3121'.
16:17:55 INFO  : Jtag cable 'Platform Cable USB II 00000000000000' is selected.
16:17:55 INFO  : 'jtag frequency' command is executed.
16:17:55 INFO  : Sourcing of 'D:/project_2/project_2.sdk/top_hw_platform_0/ps7_init.tcl' is done.
16:17:55 INFO  : Context for 'APU' is selected.
16:17:56 INFO  : Hardware design information is loaded from 'D:/project_2/project_2.sdk/top_hw_platform_0/system.hdf'.
16:17:56 INFO  : 'configparams force-mem-access 1' command is executed.
16:17:56 INFO  : Context for 'APU' is selected.
16:17:56 INFO  : 'stop' command is executed.
16:17:57 INFO  : 'ps7_init' command is executed.
16:17:57 INFO  : 'ps7_post_config' command is executed.
16:17:57 INFO  : Context for processor 'ps7_cortexa9_0' is selected.
16:17:57 INFO  : Processor reset is completed for 'ps7_cortexa9_0'.
16:17:57 INFO  : Context for processor 'ps7_cortexa9_0' is selected.
16:17:59 INFO  : The application 'D:/project_2/project_2.sdk/pj/Debug/pj.elf' is downloaded to processor 'ps7_cortexa9_0'.
16:17:59 INFO  : 'configparams force-mem-access 0' command is executed.
16:17:59 INFO  : ----------------XSDB Script----------------
connect -url tcp:127.0.0.1:3121
source D:/project_2/project_2.sdk/top_hw_platform_0/ps7_init.tcl
targets -set -nocase -filter {name =~"APU*" && jtag_cable_name =~ "Platform Cable USB II 00000000000000"} -index 0
loadhw -hw D:/project_2/project_2.sdk/top_hw_platform_0/system.hdf -mem-ranges [list {0x40000000 0xbfffffff}]
configparams force-mem-access 1
targets -set -nocase -filter {name =~"APU*" && jtag_cable_name =~ "Platform Cable USB II 00000000000000"} -index 0
stop
ps7_init
ps7_post_config
targets -set -nocase -filter {name =~ "ARM*#0" && jtag_cable_name =~ "Platform Cable USB II 00000000000000"} -index 0
rst -processor
targets -set -nocase -filter {name =~ "ARM*#0" && jtag_cable_name =~ "Platform Cable USB II 00000000000000"} -index 0
dow D:/project_2/project_2.sdk/pj/Debug/pj.elf
configparams force-mem-access 0
----------------End of Script----------------

16:17:59 INFO  : Memory regions updated for context APU
16:17:59 INFO  : Context for processor 'ps7_cortexa9_0' is selected.
16:17:59 INFO  : 'con' command is executed.
16:17:59 INFO  : ----------------XSDB Script (After Launch)----------------
targets -set -nocase -filter {name =~ "ARM*#0" && jtag_cable_name =~ "Platform Cable USB II 00000000000000"} -index 0
con
----------------End of Script----------------

16:17:59 INFO  : Launch script is exported to file 'D:\project_2\project_2.sdk\.sdk\launch_scripts\xilinx_c-c++_application_(system_debugger)\system_debugger_using_debug_pj.elf_on_local_(1).tcl'
16:34:23 INFO  : Disconnected from the channel tcfchan#3.
16:40:09 INFO  : Registering command handlers for SDK TCF services
16:40:09 INFO  : Launching XSCT server: xsct.bat -interactive D:\project_2\project_2.sdk\temp_xsdb_launch_script.tcl
16:40:12 INFO  : XSCT server has started successfully.
16:40:12 INFO  : Successfully done setting XSCT server connection channel  
16:40:12 INFO  : Successfully done setting SDK workspace  
16:40:12 INFO  : Processing command line option -hwspec D:/project_2/project_2.sdk/top.hdf.
16:40:13 INFO  : Checking for hwspec changes in the project top_hw_platform_0.
16:40:15 INFO  : SDK has detected change in the last modified timestamps for source hardware specification file Source:1560238651332,  Project:1560236793809
16:40:15 INFO  : The hardware specification for project 'top_hw_platform_0' is different from D:/project_2/project_2.sdk/top.hdf.
16:40:15 INFO  : Copied contents of D:/project_2/project_2.sdk/top.hdf into \top_hw_platform_0\system.hdf.
16:40:18 INFO  : Synchronizing projects in the workspace with the hardware platform specification changes.
16:40:20 INFO  : 
16:40:20 INFO  : Updating hardware inferred compiler options for pj.
16:40:20 INFO  : Clearing existing target manager status.
16:41:20 INFO  : 'targets -set -filter {jtag_cable_name =~ "Platform Cable USB II 00000000000000" && level==0} -index 1' command is executed.
16:41:20 INFO  : 'fpga -state' command is executed.
16:41:20 INFO  : Connected to target on host '127.0.0.1' and port '3121'.
16:41:20 INFO  : Jtag cable 'Platform Cable USB II 00000000000000' is selected.
16:41:20 INFO  : 'jtag frequency' command is executed.
16:41:20 INFO  : Sourcing of 'D:/project_2/project_2.sdk/top_hw_platform_0/ps7_init.tcl' is done.
16:41:20 INFO  : Context for 'APU' is selected.
16:41:20 INFO  : Hardware design information is loaded from 'D:/project_2/project_2.sdk/top_hw_platform_0/system.hdf'.
16:41:20 INFO  : 'configparams force-mem-access 1' command is executed.
16:41:20 INFO  : Context for 'APU' is selected.
16:41:20 INFO  : 'stop' command is executed.
16:41:21 INFO  : 'ps7_init' command is executed.
16:41:21 INFO  : 'ps7_post_config' command is executed.
16:41:21 INFO  : Context for processor 'ps7_cortexa9_0' is selected.
16:41:21 INFO  : Processor reset is completed for 'ps7_cortexa9_0'.
16:41:21 INFO  : Context for processor 'ps7_cortexa9_0' is selected.
16:41:23 INFO  : The application 'D:/project_2/project_2.sdk/pj/Debug/pj.elf' is downloaded to processor 'ps7_cortexa9_0'.
16:41:23 INFO  : 'configparams force-mem-access 0' command is executed.
16:41:23 INFO  : ----------------XSDB Script----------------
connect -url tcp:127.0.0.1:3121
source D:/project_2/project_2.sdk/top_hw_platform_0/ps7_init.tcl
targets -set -nocase -filter {name =~"APU*" && jtag_cable_name =~ "Platform Cable USB II 00000000000000"} -index 0
loadhw -hw D:/project_2/project_2.sdk/top_hw_platform_0/system.hdf -mem-ranges [list {0x40000000 0xbfffffff}]
configparams force-mem-access 1
targets -set -nocase -filter {name =~"APU*" && jtag_cable_name =~ "Platform Cable USB II 00000000000000"} -index 0
stop
ps7_init
ps7_post_config
targets -set -nocase -filter {name =~ "ARM*#0" && jtag_cable_name =~ "Platform Cable USB II 00000000000000"} -index 0
rst -processor
targets -set -nocase -filter {name =~ "ARM*#0" && jtag_cable_name =~ "Platform Cable USB II 00000000000000"} -index 0
dow D:/project_2/project_2.sdk/pj/Debug/pj.elf
configparams force-mem-access 0
----------------End of Script----------------

16:41:23 INFO  : Memory regions updated for context APU
16:41:23 INFO  : Context for processor 'ps7_cortexa9_0' is selected.
16:41:23 INFO  : 'con' command is executed.
16:41:23 INFO  : ----------------XSDB Script (After Launch)----------------
targets -set -nocase -filter {name =~ "ARM*#0" && jtag_cable_name =~ "Platform Cable USB II 00000000000000"} -index 0
con
----------------End of Script----------------

16:41:23 INFO  : Launch script is exported to file 'D:\project_2\project_2.sdk\.sdk\launch_scripts\xilinx_c-c++_application_(system_debugger)\system_debugger_using_debug_pj.elf_on_local.tcl'
16:50:45 INFO  : Disconnected from the channel tcfchan#1.
16:55:44 INFO  : Registering command handlers for SDK TCF services
16:55:44 INFO  : Launching XSCT server: xsct.bat -interactive D:\project_2\project_2.sdk\temp_xsdb_launch_script.tcl
16:55:47 INFO  : XSCT server has started successfully.
16:55:48 INFO  : Successfully done setting XSCT server connection channel  
16:55:48 INFO  : Successfully done setting SDK workspace  
16:55:48 INFO  : Processing command line option -hwspec D:/project_2/project_2.sdk/top.hdf.
16:55:48 INFO  : Checking for hwspec changes in the project top_hw_platform_0.
16:55:50 INFO  : SDK has detected change in the last modified timestamps for source hardware specification file Source:1560239641223,  Project:1560238651332
16:55:50 INFO  : The hardware specification for project 'top_hw_platform_0' is different from D:/project_2/project_2.sdk/top.hdf.
16:55:50 INFO  : Copied contents of D:/project_2/project_2.sdk/top.hdf into \top_hw_platform_0\system.hdf.
16:57:01 INFO  : Synchronizing projects in the workspace with the hardware platform specification changes.
16:57:23 INFO  : 
16:57:24 INFO  : Updating hardware inferred compiler options for pj.
16:57:24 INFO  : Clearing existing target manager status.
16:58:00 INFO  : 'targets -set -filter {jtag_cable_name =~ "Platform Cable USB II 00000000000000" && level==0} -index 1' command is executed.
16:58:00 INFO  : 'fpga -state' command is executed.
16:58:00 INFO  : Connected to target on host '127.0.0.1' and port '3121'.
16:58:00 INFO  : Jtag cable 'Platform Cable USB II 00000000000000' is selected.
16:58:00 INFO  : 'jtag frequency' command is executed.
16:58:00 INFO  : Sourcing of 'D:/project_2/project_2.sdk/top_hw_platform_0/ps7_init.tcl' is done.
16:58:00 INFO  : Context for 'APU' is selected.
16:58:00 INFO  : Hardware design information is loaded from 'D:/project_2/project_2.sdk/top_hw_platform_0/system.hdf'.
16:58:00 INFO  : 'configparams force-mem-access 1' command is executed.
16:58:00 INFO  : Context for 'APU' is selected.
16:58:00 INFO  : 'stop' command is executed.
16:58:00 INFO  : 'ps7_init' command is executed.
16:58:01 INFO  : 'ps7_post_config' command is executed.
16:58:01 INFO  : Context for processor 'ps7_cortexa9_0' is selected.
16:58:01 INFO  : Processor reset is completed for 'ps7_cortexa9_0'.
16:58:01 INFO  : Context for processor 'ps7_cortexa9_0' is selected.
16:58:03 INFO  : The application 'D:/project_2/project_2.sdk/pj/Debug/pj.elf' is downloaded to processor 'ps7_cortexa9_0'.
16:58:03 INFO  : 'configparams force-mem-access 0' command is executed.
16:58:03 INFO  : ----------------XSDB Script----------------
connect -url tcp:127.0.0.1:3121
source D:/project_2/project_2.sdk/top_hw_platform_0/ps7_init.tcl
targets -set -nocase -filter {name =~"APU*" && jtag_cable_name =~ "Platform Cable USB II 00000000000000"} -index 0
loadhw -hw D:/project_2/project_2.sdk/top_hw_platform_0/system.hdf -mem-ranges [list {0x40000000 0xbfffffff}]
configparams force-mem-access 1
targets -set -nocase -filter {name =~"APU*" && jtag_cable_name =~ "Platform Cable USB II 00000000000000"} -index 0
stop
ps7_init
ps7_post_config
targets -set -nocase -filter {name =~ "ARM*#0" && jtag_cable_name =~ "Platform Cable USB II 00000000000000"} -index 0
rst -processor
targets -set -nocase -filter {name =~ "ARM*#0" && jtag_cable_name =~ "Platform Cable USB II 00000000000000"} -index 0
dow D:/project_2/project_2.sdk/pj/Debug/pj.elf
configparams force-mem-access 0
----------------End of Script----------------

16:58:03 INFO  : Memory regions updated for context APU
16:58:03 INFO  : Context for processor 'ps7_cortexa9_0' is selected.
16:58:03 INFO  : 'con' command is executed.
16:58:03 INFO  : ----------------XSDB Script (After Launch)----------------
targets -set -nocase -filter {name =~ "ARM*#0" && jtag_cable_name =~ "Platform Cable USB II 00000000000000"} -index 0
con
----------------End of Script----------------

16:58:03 INFO  : Launch script is exported to file 'D:\project_2\project_2.sdk\.sdk\launch_scripts\xilinx_c-c++_application_(system_debugger)\system_debugger_using_debug_pj.elf_on_local_(1).tcl'
16:59:48 INFO  : Disconnected from the channel tcfchan#1.
17:13:40 INFO  : Registering command handlers for SDK TCF services
17:13:41 INFO  : Launching XSCT server: xsct.bat -interactive D:\project_2\project_2.sdk\temp_xsdb_launch_script.tcl
17:13:44 INFO  : XSCT server has started successfully.
17:13:44 INFO  : Successfully done setting XSCT server connection channel  
17:13:44 INFO  : Successfully done setting SDK workspace  
17:13:44 INFO  : Processing command line option -hwspec D:/project_2/project_2.sdk/top.hdf.
17:13:44 INFO  : Checking for hwspec changes in the project top_hw_platform_0.
17:13:46 INFO  : SDK has detected change in the last modified timestamps for source hardware specification file Source:1560240701594,  Project:1560239641223
17:13:46 INFO  : The hardware specification for project 'top_hw_platform_0' is different from D:/project_2/project_2.sdk/top.hdf.
17:13:47 INFO  : Copied contents of D:/project_2/project_2.sdk/top.hdf into \top_hw_platform_0\system.hdf.
17:14:59 INFO  : Synchronizing projects in the workspace with the hardware platform specification changes.
17:15:11 INFO  : 
17:15:12 INFO  : Updating hardware inferred compiler options for pj.
17:15:12 INFO  : Clearing existing target manager status.
17:15:51 INFO  : 'targets -set -filter {jtag_cable_name =~ "Platform Cable USB II 00000000000000" && level==0} -index 1' command is executed.
17:15:51 INFO  : 'fpga -state' command is executed.
17:15:51 INFO  : Connected to target on host '127.0.0.1' and port '3121'.
17:15:51 INFO  : Jtag cable 'Platform Cable USB II 00000000000000' is selected.
17:15:51 INFO  : 'jtag frequency' command is executed.
17:15:51 INFO  : Sourcing of 'D:/project_2/project_2.sdk/top_hw_platform_0/ps7_init.tcl' is done.
17:15:51 INFO  : Context for 'APU' is selected.
17:15:51 INFO  : Hardware design information is loaded from 'D:/project_2/project_2.sdk/top_hw_platform_0/system.hdf'.
17:15:51 INFO  : 'configparams force-mem-access 1' command is executed.
17:15:51 INFO  : Context for 'APU' is selected.
17:15:51 INFO  : 'stop' command is executed.
17:15:52 INFO  : 'ps7_init' command is executed.
17:15:52 INFO  : 'ps7_post_config' command is executed.
17:15:52 INFO  : Context for processor 'ps7_cortexa9_0' is selected.
17:15:52 INFO  : Processor reset is completed for 'ps7_cortexa9_0'.
17:15:52 INFO  : Context for processor 'ps7_cortexa9_0' is selected.
17:15:54 INFO  : The application 'D:/project_2/project_2.sdk/pj/Debug/pj.elf' is downloaded to processor 'ps7_cortexa9_0'.
17:15:54 INFO  : 'configparams force-mem-access 0' command is executed.
17:15:54 INFO  : ----------------XSDB Script----------------
connect -url tcp:127.0.0.1:3121
source D:/project_2/project_2.sdk/top_hw_platform_0/ps7_init.tcl
targets -set -nocase -filter {name =~"APU*" && jtag_cable_name =~ "Platform Cable USB II 00000000000000"} -index 0
loadhw -hw D:/project_2/project_2.sdk/top_hw_platform_0/system.hdf -mem-ranges [list {0x40000000 0xbfffffff}]
configparams force-mem-access 1
targets -set -nocase -filter {name =~"APU*" && jtag_cable_name =~ "Platform Cable USB II 00000000000000"} -index 0
stop
ps7_init
ps7_post_config
targets -set -nocase -filter {name =~ "ARM*#0" && jtag_cable_name =~ "Platform Cable USB II 00000000000000"} -index 0
rst -processor
targets -set -nocase -filter {name =~ "ARM*#0" && jtag_cable_name =~ "Platform Cable USB II 00000000000000"} -index 0
dow D:/project_2/project_2.sdk/pj/Debug/pj.elf
configparams force-mem-access 0
----------------End of Script----------------

17:15:54 INFO  : Memory regions updated for context APU
17:15:54 INFO  : Context for processor 'ps7_cortexa9_0' is selected.
17:15:54 INFO  : 'con' command is executed.
17:15:54 INFO  : ----------------XSDB Script (After Launch)----------------
targets -set -nocase -filter {name =~ "ARM*#0" && jtag_cable_name =~ "Platform Cable USB II 00000000000000"} -index 0
con
----------------End of Script----------------

17:15:54 INFO  : Launch script is exported to file 'D:\project_2\project_2.sdk\.sdk\launch_scripts\xilinx_c-c++_application_(system_debugger)\system_debugger_using_debug_pj.elf_on_local.tcl'
17:23:22 INFO  : Disconnected from the channel tcfchan#1.
